--2022-03-01 19:10:31--  ftp://ftp-private.ncbi.nlm.nih.gov/pubchem/.fetch/55/2267636078691197203.txt.gz
           => '2267636078691197203.txt.gz'
Resolving ftp-private.ncbi.nlm.nih.gov (ftp-private.ncbi.nlm.nih.gov)... 130.14.29.35
Connecting to ftp-private.ncbi.nlm.nih.gov (ftp-private.ncbi.nlm.nih.gov)|130.14.29.35|:21... connected.
Logging in as anonymous ... Logged in!
==> SYST ... done.    ==> PWD ... done.
==> TYPE I ... done.  ==> CWD (1) /pubchem/.fetch/55 ... done.
==> SIZE 2267636078691197203.txt.gz ... 888877
==> PASV ... done.    ==> RETR 2267636078691197203.txt.gz ... done.
Length: 888877 (868K) (unauthoritative)

     0K .......... .......... .......... .......... ..........  5%  625K 1s
    50K .......... .......... .......... .......... .......... 11%  868K 1s
   100K .......... .......... .......... .......... .......... 17% 56.4M 1s
   150K .......... .......... .......... .......... .......... 23% 1.30M 1s
   200K .......... .......... .......... .......... .......... 28% 2.37M 0s
   250K .......... .......... .......... .......... .......... 34%  136M 0s
   300K .......... .......... .......... .......... .......... 40% 2.71M 0s
   350K .......... .......... .......... .......... .......... 46%  112M 0s
   400K .......... .......... .......... .......... .......... 51%  133M 0s
   450K .......... .......... .......... .......... .......... 57% 18.9M 0s
   500K .......... .......... .......... .......... .......... 63% 86.9M 0s
   550K .......... .......... .......... .......... .......... 69% 2.78M 0s
   600K .......... .......... .......... .......... .......... 74% 81.3M 0s
   650K .......... .......... .......... .......... .......... 80% 25.5M 0s
   700K .......... .......... .......... .......... .......... 86% 89.2M 0s
   750K .......... .......... .......... .......... .......... 92% 14.4M 0s
   800K .......... .......... .......... .......... .......... 97% 97.7M 0s
   850K .......... ........                                   100% 1.24M=0.3s

2022-03-01 19:10:31 (3.29 MB/s) - '2267636078691197203.txt.gz' saved [888877]

